HOSTNAME=localhost.localdomain
SHELL=/bin/bash
TERM=xterm
HISTSIZE=1000
SSH_CLIENT=192.168.100.47 59955 22
CONDA_SHLVL=1
CONDA_PROMPT_MODIFIER=(base) 
QTDIR=/usr/lib64/qt-3.3
QTINC=/usr/lib64/qt-3.3/include
SSH_TTY=/dev/pts/0
Boost_INCLUDE_DIRS=//home/USER/install/boost/include
USER=USER
LS_COLORS=rs=0:di=01;34:ln=01;36:mh=00:pi=40;33:so=01;35:do=01;35:bd=40;33;01:cd=40;33;01:or=40;31;01:mi=01;05;37;41:su=37;41:sg=30;43:ca=30;41:tw=30;42:ow=34;42:st=37;44:ex=01;32:*.tar=01;31:*.tgz=01;31:*.arj=01;31:*.taz=01;31:*.lzh=01;31:*.lzma=01;31:*.tlz=01;31:*.txz=01;31:*.zip=01;31:*.z=01;31:*.Z=01;31:*.dz=01;31:*.gz=01;31:*.lz=01;31:*.xz=01;31:*.bz2=01;31:*.tbz=01;31:*.tbz2=01;31:*.bz=01;31:*.tz=01;31:*.deb=01;31:*.rpm=01;31:*.jar=01;31:*.rar=01;31:*.ace=01;31:*.zoo=01;31:*.cpio=01;31:*.7z=01;31:*.rz=01;31:*.jpg=01;35:*.jpeg=01;35:*.gif=01;35:*.bmp=01;35:*.pbm=01;35:*.pgm=01;35:*.ppm=01;35:*.tga=01;35:*.xbm=01;35:*.xpm=01;35:*.tif=01;35:*.tiff=01;35:*.png=01;35:*.svg=01;35:*.svgz=01;35:*.mng=01;35:*.pcx=01;35:*.mov=01;35:*.mpg=01;35:*.mpeg=01;35:*.m2v=01;35:*.mkv=01;35:*.ogm=01;35:*.mp4=01;35:*.m4v=01;35:*.mp4v=01;35:*.vob=01;35:*.qt=01;35:*.nuv=01;35:*.wmv=01;35:*.asf=01;35:*.rm=01;35:*.rmvb=01;35:*.flc=01;35:*.avi=01;35:*.fli=01;35:*.flv=01;35:*.gl=01;35:*.dl=01;35:*.xcf=01;35:*.xwd=01;35:*.yuv=01;35:*.cgm=01;35:*.emf=01;35:*.axv=01;35:*.anx=01;35:*.ogv=01;35:*.ogx=01;35:*.aac=01;36:*.au=01;36:*.flac=01;36:*.mid=01;36:*.midi=01;36:*.mka=01;36:*.mp3=01;36:*.mpc=01;36:*.ogg=01;36:*.ra=01;36:*.wav=01;36:*.axa=01;36:*.oga=01;36:*.spx=01;36:*.xspf=01;36:
LD_LIBRARY_PATH=/home/USER/install/boost/lib:/usr/local/lib64:/usr/local/cuda-9.1/lib64::/usr/local/protobuf/lib
CONDA_EXE=/home/USER/miniconda3/bin/conda
_CE_CONDA=
PATH=/home/USER/miniconda3/bin:/home/USER/miniconda3/condabin:/home/USER/miniconda3/bin:/home/USER/install/bin:/home/USER/software/cmake-3.16.2-Linux-x86_64/bin:/usr/local/cuda-9.1/bin:/usr/lib64/qt-3.3/bin:/usr/kerberos/sbin:/usr/kerberos/bin:/usr/local/bin:/bin:/usr/bin:/usr/local/sbin:/usr/sbin:/sbin:/usr/local/protobuf/bin:/home/USER/bin
MAIL=/var/spool/mail/USER
_=/bin/env
CONDA_PREFIX=/home/USER/miniconda3
PWD=/home/USER
LANG=en_US.UTF-8
KDE_IS_PRELINKED=1
MODULEPATH=/usr/share/Modules/modulefiles:/etc/modulefiles
KDEDIRS=/usr
LOADEDMODULES=
HISTCONTROL=ignoredups
SSH_ASKPASS=/usr/libexec/openssh/gnome-ssh-askpass
_CE_M=
HOME=/home/USER
SHLVL=2
LOGNAME=USER
CONDA_PYTHON_EXE=/home/USER/miniconda3/bin/python
CVS_RSH=ssh
QTLIB=/usr/lib64/qt-3.3/lib
BOOST_ROOT=/home/USER/install/boost
SSH_CONNECTION=192.168.100.47 59955 192.168.100.43 22
MODULESHOME=/usr/share/Modules
LESSOPEN=|/usr/bin/lesspipe.sh %s
CONDA_DEFAULT_ENV=base
Boost_LIBRARY_DIRS=/home/USER/install/boost/lib
G_BROKEN_FILENAMES=1
module=() {  eval `/usr/bin/modulecmd bash $*`
}
LSB Version:	:base-4.0-amd64:base-4.0-noarch:core-4.0-amd64:core-4.0-noarch:graphics-4.0-amd64:graphics-4.0-noarch:printing-4.0-amd64:printing-4.0-noarch
Distributor ID:	CentOS
Description:	CentOS release 6.5 (Final)
Release:	6.5
Codename:	Final
Linux localhost.localdomain 2.6.32-431.el6.x86_64 #1 SMP Fri Nov 22 03:15:09 UTC 2013 x86_64 x86_64 x86_64 GNU/Linux
Architecture:          x86_64
CPU op-mode(s):        32-bit, 64-bit
Byte Order:            Little Endian
CPU(s):                16
On-line CPU(s) list:   0-15
Thread(s) per core:    1
Core(s) per socket:    8
Socket(s):             2
NUMA node(s):          2
Vendor ID:             GenuineIntel
CPU family:            6
Model:                 63
Stepping:              2
CPU MHz:               1200.000
BogoMIPS:              4788.56
Virtualization:        VT-x
L1d cache:             32K
L1i cache:             32K
L2 cache:              256K
L3 cache:              20480K
NUMA node0 CPU(s):     0-7
NUMA node1 CPU(s):     8-15
MemTotal:       32827928 kB
MemFree:         5072688 kB
Buffers:           19696 kB
Cached:         26957500 kB
SwapCached:            0 kB
Active:         22038032 kB
Inactive:        4958460 kB
Active(anon):       6068 kB
Inactive(anon):    13512 kB
Active(file):   22031964 kB
Inactive(file):  4944948 kB
Unevictable:           0 kB
Mlocked:               0 kB
SwapTotal:      65535992 kB
SwapFree:       65535992 kB
Dirty:               120 kB
Writeback:             0 kB
AnonPages:         19348 kB
Mapped:            12328 kB
Shmem:               220 kB
Slab:             344120 kB
SReclaimable:     276660 kB
SUnreclaim:        67460 kB
KernelStack:        3944 kB
PageTables:         4224 kB
NFS_Unstable:          0 kB
Bounce:                0 kB
WritebackTmp:          0 kB
CommitLimit:    81949956 kB
Committed_AS:     135744 kB
VmallocTotal:   34359738367 kB
VmallocUsed:      352052 kB
VmallocChunk:   34340900156 kB
HardwareCorrupted:     0 kB
AnonHugePages:         0 kB
HugePages_Total:       0
HugePages_Free:        0
HugePages_Rsvd:        0
HugePages_Surp:        0
Hugepagesize:       2048 kB
DirectMap4k:     2265088 kB
DirectMap2M:    31223808 kB
DirectMap1G:           0 kB
NAME   MAJ:MIN RM  SIZE RO TYPE MOUNTPOINT
loop0    7:0    0        0 loop 
loop1    7:1    0        0 loop 
loop2    7:2    0        0 loop 
loop3    7:3    0        0 loop 
loop4    7:4    0        0 loop 
loop5    7:5    0        0 loop 
loop6    7:6    0        0 loop 
loop7    7:7    0        0 loop 
sda      8:0    0  1.1T  0 disk 
├─sda1   8:1    0  200M  0 part /boot
├─sda2   8:2    0 62.5G  0 part [SWAP]
└─sda3   8:3    0    1T  0 part /
sr0     11:0    1 1024M  0 rom  
Wed Apr 22 19:06:03 2020       
+-----------------------------------------------------------------------------+
| NVIDIA-SMI 390.116                Driver Version: 390.116                   |
|-------------------------------+----------------------+----------------------+
| GPU  Name        Persistence-M| Bus-Id        Disp.A | Volatile Uncorr. ECC |
| Fan  Temp  Perf  Pwr:Usage/Cap|         Memory-Usage | GPU-Util  Compute M. |
|===============================+======================+======================|
|   0  Tesla K40m          Off  | 00000000:81:00.0 Off |                    0 |
| N/A   36C    P0    67W / 235W |      0MiB / 11441MiB |    100%      Default |
+-------------------------------+----------------------+----------------------+
                                                                               
+-----------------------------------------------------------------------------+
| Processes:                                                       GPU Memory |
|  GPU       PID   Type   Process name                             Usage      |
|=============================================================================|
|  No running processes found                                                 |
+-----------------------------------------------------------------------------+
00:00.0 Host bridge: Intel Corporation Haswell-E DMI2 (rev 02)
00:01.0 PCI bridge: Intel Corporation Haswell-E PCI Express Root Port 1 (rev 02)
00:02.0 PCI bridge: Intel Corporation Haswell-E PCI Express Root Port 2 (rev 02)
00:02.1 PCI bridge: Intel Corporation Haswell-E PCI Express Root Port 2 (rev 02)
00:02.2 PCI bridge: Intel Corporation Haswell-E PCI Express Root Port 2 (rev 02)
00:03.0 PCI bridge: Intel Corporation Haswell-E PCI Express Root Port 3 (rev 02)
00:04.0 System peripheral: Intel Corporation Haswell-E DMA Channel 0 (rev 02)
00:04.1 System peripheral: Intel Corporation Haswell-E DMA Channel 1 (rev 02)
00:04.2 System peripheral: Intel Corporation Haswell-E DMA Channel 2 (rev 02)
00:04.3 System peripheral: Intel Corporation Haswell-E DMA Channel 3 (rev 02)
00:04.4 System peripheral: Intel Corporation Haswell-E DMA Channel 4 (rev 02)
00:04.5 System peripheral: Intel Corporation Haswell-E DMA Channel 5 (rev 02)
00:04.6 System peripheral: Intel Corporation Haswell-E DMA Channel 6 (rev 02)
00:04.7 System peripheral: Intel Corporation Haswell-E DMA Channel 7 (rev 02)
00:05.0 System peripheral: Intel Corporation Haswell-E Address Map, VTd_Misc, System Management (rev 02)
00:05.1 System peripheral: Intel Corporation Haswell-E Hot Plug (rev 02)
00:05.2 System peripheral: Intel Corporation Haswell-E RAS, Control Status and Global Errors (rev 02)
00:05.4 PIC: Intel Corporation Haswell-E I/O Apic (rev 02)
00:11.0 Unassigned class [ff00]: Intel Corporation Wellsburg SPSR (rev 05)
00:16.0 Communication controller: Intel Corporation Wellsburg MEI Controller #1 (rev 05)
00:16.1 Communication controller: Intel Corporation Wellsburg MEI Controller #2 (rev 05)
00:1a.0 USB controller: Intel Corporation Wellsburg USB Enhanced Host Controller #2 (rev 05)
00:1c.0 PCI bridge: Intel Corporation Wellsburg PCI Express Root Port #1 (rev d5)
00:1c.3 PCI bridge: Intel Corporation Wellsburg PCI Express Root Port #4 (rev d5)
00:1d.0 USB controller: Intel Corporation Wellsburg USB Enhanced Host Controller #1 (rev 05)
00:1f.0 ISA bridge: Intel Corporation Wellsburg LPC Controller (rev 05)
00:1f.2 SATA controller: Intel Corporation Wellsburg 6-Port SATA Controller [AHCI mode] (rev 05)
00:1f.3 SMBus: Intel Corporation Wellsburg SMBus Controller (rev 05)
01:00.0 RAID bus controller: LSI Logic / Symbios Logic MegaRAID SAS 2108 [Liberator] (rev 05)
02:00.0 Ethernet controller: Intel Corporation I350 Gigabit Network Connection (rev 01)
02:00.1 Ethernet controller: Intel Corporation I350 Gigabit Network Connection (rev 01)
06:00.0 Network controller: Mellanox Technologies MT27500 Family [ConnectX-3]
08:00.0 PCI bridge: ASPEED Technology, Inc. AST1150 PCI-to-PCI Bridge (rev 03)
09:00.0 VGA compatible controller: ASPEED Technology, Inc. ASPEED Graphics Family (rev 30)
7f:08.0 System peripheral: Intel Corporation Haswell-E QPI Link 0 (rev 02)
7f:08.2 Performance counters: Intel Corporation Haswell-E QPI Link 0 (rev 02)
7f:08.3 System peripheral: Intel Corporation Haswell-E QPI Link 0 (rev 02)
7f:0b.0 System peripheral: Intel Corporation Haswell-E R3 QPI Link 0 & 1 Monitoring (rev 02)
7f:0b.1 Performance counters: Intel Corporation Haswell-E R3 QPI Link 0 & 1 Monitoring (rev 02)
7f:0b.2 Performance counters: Intel Corporation Haswell-E R3 QPI Link 0 & 1 Monitoring (rev 02)
7f:0c.0 System peripheral: Intel Corporation Haswell-E Unicast Registers (rev 02)
7f:0c.1 System peripheral: Intel Corporation Haswell-E Unicast Registers (rev 02)
7f:0c.2 System peripheral: Intel Corporation Haswell-E Unicast Registers (rev 02)
7f:0c.3 System peripheral: Intel Corporation Haswell-E Unicast Registers (rev 02)
7f:0c.4 System peripheral: Intel Corporation Haswell-E Unicast Registers (rev 02)
7f:0c.5 System peripheral: Intel Corporation Haswell-E Unicast Registers (rev 02)
7f:0c.6 System peripheral: Intel Corporation Haswell-E Unicast Registers (rev 02)
7f:0c.7 System peripheral: Intel Corporation Haswell-E Unicast Registers (rev 02)
7f:0f.0 System peripheral: Intel Corporation Haswell-E Buffered Ring Agent (rev 02)
7f:0f.1 System peripheral: Intel Corporation Haswell-E Buffered Ring Agent (rev 02)
7f:0f.4 System peripheral: Intel Corporation Haswell-E System Address Decoder & Broadcast Registers (rev 02)
7f:0f.5 System peripheral: Intel Corporation Haswell-E System Address Decoder & Broadcast Registers (rev 02)
7f:0f.6 System peripheral: Intel Corporation Haswell-E System Address Decoder & Broadcast Registers (rev 02)
7f:10.0 System peripheral: Intel Corporation Haswell-E PCIe Ring Interface (rev 02)
7f:10.1 Performance counters: Intel Corporation Haswell-E PCIe Ring Interface (rev 02)
7f:10.5 System peripheral: Intel Corporation Haswell-E Scratchpad & Semaphore Registers (rev 02)
7f:10.6 Performance counters: Intel Corporation Haswell-E Scratchpad & Semaphore Registers (rev 02)
7f:10.7 System peripheral: Intel Corporation Haswell-E Scratchpad & Semaphore Registers (rev 02)
7f:12.0 System peripheral: Intel Corporation Haswell-E Home Agent 0 (rev 02)
7f:12.1 Performance counters: Intel Corporation Haswell-E Home Agent 0 (rev 02)
7f:13.0 System peripheral: Intel Corporation Haswell-E Integrated Memory Controller 0 Target Address, Thermal & RAS Registers (rev 02)
7f:13.1 System peripheral: Intel Corporation Haswell-E Integrated Memory Controller 0 Target Address, Thermal & RAS Registers (rev 02)
7f:13.2 System peripheral: Intel Corporation Haswell-E Integrated Memory Controller 0 Channel Target Address Decoder (rev 02)
7f:13.3 System peripheral: Intel Corporation Haswell-E Integrated Memory Controller 0 Channel Target Address Decoder (rev 02)
7f:13.4 System peripheral: Intel Corporation Haswell-E Integrated Memory Controller 0 Channel Target Address Decoder (rev 02)
7f:13.5 System peripheral: Intel Corporation Haswell-E Integrated Memory Controller 0 Channel Target Address Decoder (rev 02)
7f:13.6 System peripheral: Intel Corporation Haswell-E DDRIO Channel 0/1 Broadcast (rev 02)
7f:13.7 System peripheral: Intel Corporation Haswell-E DDRIO Global Broadcast (rev 02)
7f:14.0 System peripheral: Intel Corporation Haswell-E Integrated Memory Controller 0 Channel 0 Thermal Control (rev 02)
7f:14.1 System peripheral: Intel Corporation Haswell-E Integrated Memory Controller 0 Channel 1 Thermal Control (rev 02)
7f:14.2 System peripheral: Intel Corporation Haswell-E Integrated Memory Controller 0 Channel 0 ERROR Registers (rev 02)
7f:14.3 System peripheral: Intel Corporation Haswell-E Integrated Memory Controller 0 Channel 1 ERROR Registers (rev 02)
7f:14.6 System peripheral: Intel Corporation Haswell-E DDRIO (VMSE) 0 & 1 (rev 02)
7f:14.7 System peripheral: Intel Corporation Haswell-E DDRIO (VMSE) 0 & 1 (rev 02)
7f:15.0 System peripheral: Intel Corporation Haswell-E Integrated Memory Controller 0 Channel 2 Thermal Control (rev 02)
7f:15.1 System peripheral: Intel Corporation Haswell-E Integrated Memory Controller 0 Channel 3 Thermal Control (rev 02)
7f:15.2 System peripheral: Intel Corporation Haswell-E Integrated Memory Controller 0 Channel 2 ERROR Registers (rev 02)
7f:15.3 System peripheral: Intel Corporation Haswell-E Integrated Memory Controller 0 Channel 3 ERROR Registers (rev 02)
7f:16.0 System peripheral: Intel Corporation Haswell-E Integrated Memory Controller 1 Target Address, Thermal & RAS Registers (rev 02)
7f:16.6 System peripheral: Intel Corporation Haswell-E DDRIO Channel 2/3 Broadcast (rev 02)
7f:16.7 System peripheral: Intel Corporation Haswell-E DDRIO Global Broadcast (rev 02)
7f:17.0 System peripheral: Intel Corporation Haswell-E Integrated Memory Controller 1 Channel 0 Thermal Control (rev 02)
7f:17.4 System peripheral: Intel Corporation Haswell-E DDRIO (VMSE) 2 & 3 (rev 02)
7f:17.5 System peripheral: Intel Corporation Haswell-E DDRIO (VMSE) 2 & 3 (rev 02)
7f:17.6 System peripheral: Intel Corporation Haswell-E DDRIO (VMSE) 2 & 3 (rev 02)
7f:17.7 System peripheral: Intel Corporation Haswell-E DDRIO (VMSE) 2 & 3 (rev 02)
7f:1e.0 System peripheral: Intel Corporation Haswell-E Power Control Unit (rev 02)
7f:1e.1 System peripheral: Intel Corporation Haswell-E Power Control Unit (rev 02)
7f:1e.2 System peripheral: Intel Corporation Haswell-E Power Control Unit (rev 02)
7f:1e.3 System peripheral: Intel Corporation Haswell-E Power Control Unit (rev 02)
7f:1e.4 System peripheral: Intel Corporation Haswell-E Power Control Unit (rev 02)
7f:1f.0 System peripheral: Intel Corporation Haswell-E VCU (rev 02)
7f:1f.2 System peripheral: Intel Corporation Haswell-E VCU (rev 02)
80:03.0 PCI bridge: Intel Corporation Haswell-E PCI Express Root Port 3 (rev 02)
80:04.0 System peripheral: Intel Corporation Haswell-E DMA Channel 0 (rev 02)
80:04.1 System peripheral: Intel Corporation Haswell-E DMA Channel 1 (rev 02)
80:04.2 System peripheral: Intel Corporation Haswell-E DMA Channel 2 (rev 02)
80:04.3 System peripheral: Intel Corporation Haswell-E DMA Channel 3 (rev 02)
80:04.4 System peripheral: Intel Corporation Haswell-E DMA Channel 4 (rev 02)
80:04.5 System peripheral: Intel Corporation Haswell-E DMA Channel 5 (rev 02)
80:04.6 System peripheral: Intel Corporation Haswell-E DMA Channel 6 (rev 02)
80:04.7 System peripheral: Intel Corporation Haswell-E DMA Channel 7 (rev 02)
80:05.0 System peripheral: Intel Corporation Haswell-E Address Map, VTd_Misc, System Management (rev 02)
80:05.1 System peripheral: Intel Corporation Haswell-E Hot Plug (rev 02)
80:05.2 System peripheral: Intel Corporation Haswell-E RAS, Control Status and Global Errors (rev 02)
80:05.4 PIC: Intel Corporation Haswell-E I/O Apic (rev 02)
81:00.0 3D controller: NVIDIA Corporation Device 1023 (rev a1)
ff:08.0 System peripheral: Intel Corporation Haswell-E QPI Link 0 (rev 02)
ff:08.2 Performance counters: Intel Corporation Haswell-E QPI Link 0 (rev 02)
ff:08.3 System peripheral: Intel Corporation Haswell-E QPI Link 0 (rev 02)
ff:0b.0 System peripheral: Intel Corporation Haswell-E R3 QPI Link 0 & 1 Monitoring (rev 02)
ff:0b.1 Performance counters: Intel Corporation Haswell-E R3 QPI Link 0 & 1 Monitoring (rev 02)
ff:0b.2 Performance counters: Intel Corporation Haswell-E R3 QPI Link 0 & 1 Monitoring (rev 02)
ff:0c.0 System peripheral: Intel Corporation Haswell-E Unicast Registers (rev 02)
ff:0c.1 System peripheral: Intel Corporation Haswell-E Unicast Registers (rev 02)
ff:0c.2 System peripheral: Intel Corporation Haswell-E Unicast Registers (rev 02)
ff:0c.3 System peripheral: Intel Corporation Haswell-E Unicast Registers (rev 02)
ff:0c.4 System peripheral: Intel Corporation Haswell-E Unicast Registers (rev 02)
ff:0c.5 System peripheral: Intel Corporation Haswell-E Unicast Registers (rev 02)
ff:0c.6 System peripheral: Intel Corporation Haswell-E Unicast Registers (rev 02)
ff:0c.7 System peripheral: Intel Corporation Haswell-E Unicast Registers (rev 02)
ff:0f.0 System peripheral: Intel Corporation Haswell-E Buffered Ring Agent (rev 02)
ff:0f.1 System peripheral: Intel Corporation Haswell-E Buffered Ring Agent (rev 02)
ff:0f.4 System peripheral: Intel Corporation Haswell-E System Address Decoder & Broadcast Registers (rev 02)
ff:0f.5 System peripheral: Intel Corporation Haswell-E System Address Decoder & Broadcast Registers (rev 02)
ff:0f.6 System peripheral: Intel Corporation Haswell-E System Address Decoder & Broadcast Registers (rev 02)
ff:10.0 System peripheral: Intel Corporation Haswell-E PCIe Ring Interface (rev 02)
ff:10.1 Performance counters: Intel Corporation Haswell-E PCIe Ring Interface (rev 02)
ff:10.5 System peripheral: Intel Corporation Haswell-E Scratchpad & Semaphore Registers (rev 02)
ff:10.6 Performance counters: Intel Corporation Haswell-E Scratchpad & Semaphore Registers (rev 02)
ff:10.7 System peripheral: Intel Corporation Haswell-E Scratchpad & Semaphore Registers (rev 02)
ff:12.0 System peripheral: Intel Corporation Haswell-E Home Agent 0 (rev 02)
ff:12.1 Performance counters: Intel Corporation Haswell-E Home Agent 0 (rev 02)
ff:13.0 System peripheral: Intel Corporation Haswell-E Integrated Memory Controller 0 Target Address, Thermal & RAS Registers (rev 02)
ff:13.1 System peripheral: Intel Corporation Haswell-E Integrated Memory Controller 0 Target Address, Thermal & RAS Registers (rev 02)
ff:13.2 System peripheral: Intel Corporation Haswell-E Integrated Memory Controller 0 Channel Target Address Decoder (rev 02)
ff:13.3 System peripheral: Intel Corporation Haswell-E Integrated Memory Controller 0 Channel Target Address Decoder (rev 02)
ff:13.4 System peripheral: Intel Corporation Haswell-E Integrated Memory Controller 0 Channel Target Address Decoder (rev 02)
ff:13.5 System peripheral: Intel Corporation Haswell-E Integrated Memory Controller 0 Channel Target Address Decoder (rev 02)
ff:13.6 System peripheral: Intel Corporation Haswell-E DDRIO Channel 0/1 Broadcast (rev 02)
ff:13.7 System peripheral: Intel Corporation Haswell-E DDRIO Global Broadcast (rev 02)
ff:14.0 System peripheral: Intel Corporation Haswell-E Integrated Memory Controller 0 Channel 0 Thermal Control (rev 02)
ff:14.1 System peripheral: Intel Corporation Haswell-E Integrated Memory Controller 0 Channel 1 Thermal Control (rev 02)
ff:14.2 System peripheral: Intel Corporation Haswell-E Integrated Memory Controller 0 Channel 0 ERROR Registers (rev 02)
ff:14.3 System peripheral: Intel Corporation Haswell-E Integrated Memory Controller 0 Channel 1 ERROR Registers (rev 02)
ff:14.6 System peripheral: Intel Corporation Haswell-E DDRIO (VMSE) 0 & 1 (rev 02)
ff:14.7 System peripheral: Intel Corporation Haswell-E DDRIO (VMSE) 0 & 1 (rev 02)
ff:15.0 System peripheral: Intel Corporation Haswell-E Integrated Memory Controller 0 Channel 2 Thermal Control (rev 02)
ff:15.1 System peripheral: Intel Corporation Haswell-E Integrated Memory Controller 0 Channel 3 Thermal Control (rev 02)
ff:15.2 System peripheral: Intel Corporation Haswell-E Integrated Memory Controller 0 Channel 2 ERROR Registers (rev 02)
ff:15.3 System peripheral: Intel Corporation Haswell-E Integrated Memory Controller 0 Channel 3 ERROR Registers (rev 02)
ff:16.0 System peripheral: Intel Corporation Haswell-E Integrated Memory Controller 1 Target Address, Thermal & RAS Registers (rev 02)
ff:16.6 System peripheral: Intel Corporation Haswell-E DDRIO Channel 2/3 Broadcast (rev 02)
ff:16.7 System peripheral: Intel Corporation Haswell-E DDRIO Global Broadcast (rev 02)
ff:17.0 System peripheral: Intel Corporation Haswell-E Integrated Memory Controller 1 Channel 0 Thermal Control (rev 02)
ff:17.4 System peripheral: Intel Corporation Haswell-E DDRIO (VMSE) 2 & 3 (rev 02)
ff:17.5 System peripheral: Intel Corporation Haswell-E DDRIO (VMSE) 2 & 3 (rev 02)
ff:17.6 System peripheral: Intel Corporation Haswell-E DDRIO (VMSE) 2 & 3 (rev 02)
ff:17.7 System peripheral: Intel Corporation Haswell-E DDRIO (VMSE) 2 & 3 (rev 02)
ff:1e.0 System peripheral: Intel Corporation Haswell-E Power Control Unit (rev 02)
ff:1e.1 System peripheral: Intel Corporation Haswell-E Power Control Unit (rev 02)
ff:1e.2 System peripheral: Intel Corporation Haswell-E Power Control Unit (rev 02)
ff:1e.3 System peripheral: Intel Corporation Haswell-E Power Control Unit (rev 02)
ff:1e.4 System peripheral: Intel Corporation Haswell-E Power Control Unit (rev 02)
ff:1f.0 System peripheral: Intel Corporation Haswell-E VCU (rev 02)
ff:1f.2 System peripheral: Intel Corporation Haswell-E VCU (rev 02)
