MANPATH=/usr/share/man
HOSTNAME=login01.hpc.pku.edu.cn
IMOD_DIR=/usr/local/IMOD
_LMFILES__modshare=/gpfs/share/software/module/modulefiles/intel.2017.1/mkl/2017.1:1:/gpfs/share/software/module/modulefiles/compiler/gcc/4.8.5:1:/gpfs/share/software/module/modulefiles/tools/cuda/10.1:1
MODULEPATH_modshare=/gpfs/share/software/module/modulefiles/tools:1:/gpfs/share/software/module/modulefiles/compiler:1:/gpfs/share/software/module/modulefiles/intel.2018.0:1:/gpfs/share/software/module/modulefiles/intel.2017.1:1:/gpfs/share/software/module/modulefiles/gcc.4.8.5:1
SHELL=/bin/bash
TERM=xterm
MODULES_CMD=/gpfs/share/software/module/libexec/modulecmd.tcl
HISTSIZE=1000
IMOD_QTLIBDIR=/usr/local/IMOD/qtlib
SSH_CLIENT=222.29.16.0 52109 22
LIBRARY_PATH=/gpfs/share/software/intel/compilers_and_libraries_2017.1.132/linux/compiler/lib/intel64_lin:/gpfs/share/software/intel/compilers_and_libraries_2017.1.132/linux/mkl/lib/intel64_lin:/usr/lib64:/usr/lib
LIBRARY_PATH_modshare=/gpfs/share/software/intel/compilers_and_libraries_2017.1.132/linux/mkl/lib/intel64_lin:1:/usr/lib64:1:/gpfs/share/software/intel/compilers_and_libraries_2017.1.132/linux/compiler/lib/intel64_lin:1:/usr/lib:1
QTDIR=/usr/lib64/qt-3.3
QTINC=/usr/lib64/qt-3.3/include
SSH_TTY=/dev/pts/69
MIC_LD_LIBRARY_PATH=/gpfs/share/software/intel/compilers_and_libraries_2017.1.132/linux/compiler/lib/intel64_lin_mic:/gpfs/share/software/intel/compilers_and_libraries_2017.1.132/linux/mkl/lib/intel64_lin_mic
QT_GRAPHICSSYSTEM_CHECKED=1
MIC_LD_LIBRARY_PATH_modshare=/gpfs/share/software/intel/compilers_and_libraries_2017.1.132/linux/mkl/lib/intel64_lin_mic:1:/gpfs/share/software/intel/compilers_and_libraries_2017.1.132/linux/compiler/lib/intel64_lin_mic:1
USER=USER
LD_LIBRARY_PATH=/gpfs/share/software/cuda/cuda-10.1/lib64:/gpfs/share/software/intel/compilers_and_libraries_2017.1.132/linux/compiler/lib/intel64_lin:/gpfs/share/software/intel/compilers_and_libraries_2017.1.132/linux/mkl/lib/intel64_lin:/usr/lib64:/usr/lib:/usr/local/IMOD/lib:
LS_COLORS=rs=0:di=01;34:ln=01;36:mh=00:pi=40;33:so=01;35:do=01;35:bd=40;33;01:cd=40;33;01:or=40;31;01:mi=01;05;37;41:su=37;41:sg=30;43:ca=30;41:tw=30;42:ow=34;42:st=37;44:ex=01;32:*.tar=01;31:*.tgz=01;31:*.arc=01;31:*.arj=01;31:*.taz=01;31:*.lha=01;31:*.lz4=01;31:*.lzh=01;31:*.lzma=01;31:*.tlz=01;31:*.txz=01;31:*.tzo=01;31:*.t7z=01;31:*.zip=01;31:*.z=01;31:*.Z=01;31:*.dz=01;31:*.gz=01;31:*.lrz=01;31:*.lz=01;31:*.lzo=01;31:*.xz=01;31:*.bz2=01;31:*.bz=01;31:*.tbz=01;31:*.tbz2=01;31:*.tz=01;31:*.deb=01;31:*.rpm=01;31:*.jar=01;31:*.war=01;31:*.ear=01;31:*.sar=01;31:*.rar=01;31:*.alz=01;31:*.ace=01;31:*.zoo=01;31:*.cpio=01;31:*.7z=01;31:*.rz=01;31:*.cab=01;31:*.jpg=01;35:*.jpeg=01;35:*.gif=01;35:*.bmp=01;35:*.pbm=01;35:*.pgm=01;35:*.ppm=01;35:*.tga=01;35:*.xbm=01;35:*.xpm=01;35:*.tif=01;35:*.tiff=01;35:*.png=01;35:*.svg=01;35:*.svgz=01;35:*.mng=01;35:*.pcx=01;35:*.mov=01;35:*.mpg=01;35:*.mpeg=01;35:*.m2v=01;35:*.mkv=01;35:*.webm=01;35:*.ogm=01;35:*.mp4=01;35:*.m4v=01;35:*.mp4v=01;35:*.vob=01;35:*.qt=01;35:*.nuv=01;35:*.wmv=01;35:*.asf=01;35:*.rm=01;35:*.rmvb=01;35:*.flc=01;35:*.avi=01;35:*.fli=01;35:*.flv=01;35:*.gl=01;35:*.dl=01;35:*.xcf=01;35:*.xwd=01;35:*.yuv=01;35:*.cgm=01;35:*.emf=01;35:*.axv=01;35:*.anx=01;35:*.ogv=01;35:*.ogx=01;35:*.aac=01;36:*.au=01;36:*.flac=01;36:*.mid=01;36:*.midi=01;36:*.mka=01;36:*.mp3=01;36:*.mpc=01;36:*.ogg=01;36:*.ra=01;36:*.wav=01;36:*.axa=01;36:*.oga=01;36:*.spx=01;36:*.xspf=01;36:
ENV=/gpfs/share/software/module/init/profile.sh
MIC_LIBRARY_PATH=/gpfs/share/software/intel/compilers_and_libraries_2017.1.132/linux/compiler/lib/intel64_lin_mic:/gpfs/share/software/intel/compilers_and_libraries_2017.1.132/linux/mkl/lib/intel64_lin_mic
CPATH=/gpfs/share/software/intel/compilers_and_libraries_2017.1.132/linux/mkl/include:/usr/include
NLSPATH=/gpfs/share/software/intel/compilers_and_libraries_2017.1.132/linux/mkl/lib/intel64_lin/locale/%l_%t/%N
PATH=/gpfs/share/software/cuda/cuda-10.1/bin:/gpfs/share/home/USER/.conda/envs/tf18-cpu/bin:/gpfs/share/home/USER/miniconda3/bin:/usr/lib64/qt-3.3/bin:/gpfs/share/software/module/bin:/usr/local/IMOD/bin:/usr/local/bin:/usr/bin:/usr/local/sbin:/usr/sbin:/gpfs/share/home/USER/.local/bin:/gpfs/share/home/USER/bin
MAIL=/var/spool/mail/USER
_=/usr/bin/env
IMOD_PLUGIN_DIR=/usr/local/IMOD/lib/imodplug
PWD=/gpfs/share/home/USER
_LMFILES_=/gpfs/share/software/module/modulefiles/compiler/gcc/4.8.5:/gpfs/share/software/module/modulefiles/intel.2017.1/mkl/2017.1:/gpfs/share/software/module/modulefiles/tools/cuda/10.1
IMOD_JAVADIR=/usr/local/java
LANG=en_US.UTF-8
MODULEPATH=/gpfs/share/software/module/modulefiles/compiler:/gpfs/share/software/module/modulefiles/intel.2018.0:/gpfs/share/software/module/modulefiles/intel.2017.1:/gpfs/share/software/module/modulefiles/tools:/gpfs/share/software/module/modulefiles/gcc.4.8.5
LOADEDMODULES=gcc/4.8.5:mkl/2017.1:cuda/10.1
FOR_DISABLE_STACK_TRACE=1
CPATH_modshare=/usr/include:1:/gpfs/share/software/intel/compilers_and_libraries_2017.1.132/linux/mkl/include:1
HISTCONTROL=ignoredups
SSH_ASKPASS=/usr/libexec/openssh/gnome-ssh-askpass
HOME=/gpfs/share/home/USER
SHLVL=2
PATH_modshare=/gpfs/share/software/cuda/cuda-10.1/bin:1:/gpfs/share/software/module/bin:1:/usr/bin:2:/usr/local/IMOD/bin:1:/usr/local/bin:1:/gpfs/share/home/USER/bin:1:/gpfs/share/home/USER/.local/bin:1:/gpfs/share/home/USER/.conda/envs/tf18-cpu/bin:1:/gpfs/share/home/USER/miniconda3/bin:1:/usr/sbin:1:/usr/lib64/qt-3.3/bin:1:/usr/local/sbin:1
MANPATH_modshare=/usr/share/man:1
MATHEMATICA_HOME=/gpfs/share/software/tools/Wolfram/Mathematica/11.2
BASH_ENV=/gpfs/share/software/module/init/bash
NLSPATH_modshare=/gpfs/share/software/intel/compilers_and_libraries_2017.1.132/linux/mkl/lib/intel64_lin/locale/%l_%t/%N:1
LOGNAME=USER
CVS_RSH=ssh
QTLIB=/usr/lib64/qt-3.3/lib
LD_LIBRARY_PATH_modshare=/gpfs/share/software/cuda/cuda-10.1/lib64:1:/gpfs/share/software/intel/compilers_and_libraries_2017.1.132/linux/mkl/lib/intel64_lin:1::1:/usr/lib64:1:/usr/local/IMOD/lib:1:/gpfs/share/software/intel/compilers_and_libraries_2017.1.132/linux/compiler/lib/intel64_lin:1:/usr/lib:1
SSH_CONNECTION=222.29.16.0 52109 162.105.133.134 22
XDG_DATA_DIRS=/gpfs/share/home/USER/.local/share/flatpak/exports/share:/var/lib/flatpak/exports/share:/usr/local/share:/usr/share
MIC_LIBRARY_PATH_modshare=/gpfs/share/software/intel/compilers_and_libraries_2017.1.132/linux/mkl/lib/intel64_lin_mic:1:/gpfs/share/software/intel/compilers_and_libraries_2017.1.132/linux/compiler/lib/intel64_lin_mic:1
MODULESHOME=/gpfs/share/software/module
IMOD_CALIB_DIR=/usr/local/ImodCalib
LESSOPEN=||/usr/bin/lesspipe.sh %s
LOADEDMODULES_modshare=mkl/2017.1:1:cuda/10.1:1:gcc/4.8.5:1
BASH_FUNC_module()=() {  _module_raw "$@" 2>&1
}
BASH_FUNC_switchml()=() {  typeset swfound=1;
 if [ "${MODULES_USE_COMPAT_VERSION:-0}" = '1' ]; then
 typeset swname='main';
 if [ -e /gpfs/share/software/module/libexec/modulecmd.tcl ]; then
 typeset swfound=0;
 unset MODULES_USE_COMPAT_VERSION;
 fi;
 else
 typeset swname='compatibility';
 if [ -e /gpfs/share/software/module/libexec/modulecmd-compat ]; then
 typeset swfound=0;
 MODULES_USE_COMPAT_VERSION=1;
 export MODULES_USE_COMPAT_VERSION;
 fi;
 fi;
 if [ $swfound -eq 0 ]; then
 echo "Switching to Modules $swname version";
 source /gpfs/share/software/module/init/bash;
 else
 echo "Cannot switch to Modules $swname version, command not found";
 return 1;
 fi
}
BASH_FUNC__module_raw()=() {  unset _mlshdbg;
 if [ "${MODULES_SILENT_SHELL_DEBUG:-0}" = '1' ]; then
 case "$-" in 
 *v*x*)
 set +vx;
 _mlshdbg='vx'
 ;;
 *v*)
 set +v;
 _mlshdbg='v'
 ;;
 *x*)
 set +x;
 _mlshdbg='x'
 ;;
 *)
 _mlshdbg=''
 ;;
 esac;
 fi;
 unset _mlre _mlIFS;
 if [ -n "${IFS+x}" ]; then
 _mlIFS=$IFS;
 fi;
 IFS=' ';
 for _mlv in ${MODULES_RUN_QUARANTINE:-};
 do
 if [ "${_mlv}" = "${_mlv##*[!A-Za-z0-9_]}" -a "${_mlv}" = "${_mlv#[0-9]}" ]; then
 if [ -n "`eval 'echo ${'$_mlv'+x}'`" ]; then
 _mlre="${_mlre:-}${_mlv}_modquar='`eval 'echo ${'$_mlv'}'`' ";
 fi;
 _mlrv="MODULES_RUNENV_${_mlv}";
 _mlre="${_mlre:-}${_mlv}='`eval 'echo ${'$_mlrv':-}'`' ";
 fi;
 done;
 if [ -n "${_mlre:-}" ]; then
 eval `eval ${_mlre}/usr/bin/tclsh /gpfs/share/software/module/libexec/modulecmd.tcl bash '"$@"'`;
 else
 eval `/usr/bin/tclsh /gpfs/share/software/module/libexec/modulecmd.tcl bash "$@"`;
 fi;
 _mlstatus=$?;
 if [ -n "${_mlIFS+x}" ]; then
 IFS=$_mlIFS;
 else
 unset IFS;
 fi;
 unset _mlre _mlv _mlrv _mlIFS;
 if [ -n "${_mlshdbg:-}" ]; then
 set -$_mlshdbg;
 fi;
 unset _mlshdbg;
 return $_mlstatus
}
LSB Version:	:core-4.1-amd64:core-4.1-noarch:cxx-4.1-amd64:cxx-4.1-noarch:languages-4.1-amd64:languages-4.1-noarch:printing-4.1-amd64:printing-4.1-noarch
Distributor ID:	n/a
Description:	NAME="Red Hat Enterprise Linux Server"
Release:	n/a
Codename:	n/a
Linux login01.hpc.pku.edu.cn 3.10.0-514.el7.x86_64 #1 SMP Wed Oct 19 11:24:13 EDT 2016 x86_64 x86_64 x86_64 GNU/Linux
Architecture:          x86_64
CPU op-mode(s):        32-bit, 64-bit
Byte Order:            Little Endian
CPU(s):                28
On-line CPU(s) list:   0-27
Thread(s) per core:    1
Core(s) per socket:    14
Socket(s):             2
NUMA node(s):          2
Vendor ID:             GenuineIntel
CPU family:            6
Model:                 79
Model name:            Intel(R) Xeon(R) CPU E5-2690 v4 @ 2.60GHz
Stepping:              1
CPU MHz:               3202.164
BogoMIPS:              5206.94
Virtualization:        VT-x
L1d cache:             32K
L1i cache:             32K
L2 cache:              256K
L3 cache:              35840K
NUMA node0 CPU(s):     0-13
NUMA node1 CPU(s):     14-27
MemTotal:       131013704 kB
MemFree:        98987028 kB
MemAvailable:   111072720 kB
Buffers:             684 kB
Cached:         12889508 kB
SwapCached:            0 kB
Active:         12525828 kB
Inactive:        8302376 kB
Active(anon):    8406576 kB
Inactive(anon):   409124 kB
Active(file):    4119252 kB
Inactive(file):  7893252 kB
Unevictable:     8388608 kB
Mlocked:         8388608 kB
SwapTotal:             0 kB
SwapFree:              0 kB
Dirty:               188 kB
Writeback:             0 kB
AnonPages:      16326944 kB
Mapped:           754536 kB
Shmem:            877688 kB
Slab:            1053088 kB
SReclaimable:     699336 kB
SUnreclaim:       353752 kB
KernelStack:       38672 kB
PageTables:       200756 kB
NFS_Unstable:          0 kB
Bounce:                0 kB
WritebackTmp:          0 kB
CommitLimit:    65506852 kB
Committed_AS:   35924340 kB
VmallocTotal:   34359738367 kB
VmallocUsed:      770064 kB
VmallocChunk:   34291752944 kB
HardwareCorrupted:     0 kB
AnonHugePages:  12072960 kB
HugePages_Total:       0
HugePages_Free:        0
HugePages_Rsvd:        0
HugePages_Surp:        0
Hugepagesize:       2048 kB
DirectMap4k:      625032 kB
DirectMap2M:    28930048 kB
DirectMap1G:    105906176 kB
NAME            MAJ:MIN RM   SIZE RO TYPE MOUNTPOINT
sda               8:0    0 445.2G  0 disk 
├─sda1            8:1    0    50M  0 part /boot/efi
├─sda2            8:2    0   512M  0 part /boot
├─sda3            8:3    0     4G  0 part 
└─sda4            8:4    0 440.6G  0 part 
  └─system-root 253:0    0 440.6G  0 lvm  /
loop0             7:0    0  17.7G  0 loop /mnt/tmp
loop1             7:1    0         1 loop 
[0:2:0:0]    disk    IBM      ServeRAID M5210  4.62  /dev/sda    477GB
+ unset _mlshdbg
+ '[' 0 = 1 ']'
+ unset _mlre _mlIFS
+ '[' -n x ']'
+ _mlIFS=' 	
'
+ IFS=' '
+ '[' -n '' ']'
++ /usr/bin/tclsh /gpfs/share/software/module/libexec/modulecmd.tcl bash list
Currently Loaded Modulefiles:
 1) gcc/4.8.5   2) mkl/2017.1   3) cuda/10.1  
+ eval
+ _mlstatus=0
+ '[' -n x ']'
+ IFS=' 	
'
+ unset _mlre _mlv _mlrv _mlIFS
+ '[' -n '' ']'
+ unset _mlshdbg
+ return 0
00:00.0 Host bridge: Intel Corporation Xeon E7 v4/Xeon E5 v4/Xeon E3 v4/Xeon D DMI2 (rev 01)
00:01.0 PCI bridge: Intel Corporation Xeon E7 v4/Xeon E5 v4/Xeon E3 v4/Xeon D PCI Express Root Port 1 (rev 01)
00:02.0 PCI bridge: Intel Corporation Xeon E7 v4/Xeon E5 v4/Xeon E3 v4/Xeon D PCI Express Root Port 2 (rev 01)
00:03.0 PCI bridge: Intel Corporation Xeon E7 v4/Xeon E5 v4/Xeon E3 v4/Xeon D PCI Express Root Port 3 (rev 01)
00:03.2 PCI bridge: Intel Corporation Xeon E7 v4/Xeon E5 v4/Xeon E3 v4/Xeon D PCI Express Root Port 3 (rev 01)
00:05.0 System peripheral: Intel Corporation Xeon E7 v4/Xeon E5 v4/Xeon E3 v4/Xeon D Map/VTd_Misc/System Management (rev 01)
00:05.1 System peripheral: Intel Corporation Xeon E7 v4/Xeon E5 v4/Xeon E3 v4/Xeon D IIO Hot Plug (rev 01)
00:05.2 System peripheral: Intel Corporation Xeon E7 v4/Xeon E5 v4/Xeon E3 v4/Xeon D IIO RAS/Control Status/Global Errors (rev 01)
00:05.4 PIC: Intel Corporation Xeon E7 v4/Xeon E5 v4/Xeon E3 v4/Xeon D I/O APIC (rev 01)
00:11.0 Unassigned class [ff00]: Intel Corporation C610/X99 series chipset SPSR (rev 05)
00:14.0 USB controller: Intel Corporation C610/X99 series chipset USB xHCI Host Controller (rev 05)
00:16.0 Communication controller: Intel Corporation C610/X99 series chipset MEI Controller #1 (rev 05)
00:16.1 Communication controller: Intel Corporation C610/X99 series chipset MEI Controller #2 (rev 05)
00:1a.0 USB controller: Intel Corporation C610/X99 series chipset USB Enhanced Host Controller #2 (rev 05)
00:1c.0 PCI bridge: Intel Corporation C610/X99 series chipset PCI Express Root Port #1 (rev d5)
00:1c.2 PCI bridge: Intel Corporation C610/X99 series chipset PCI Express Root Port #3 (rev d5)
00:1c.4 PCI bridge: Intel Corporation C610/X99 series chipset PCI Express Root Port #5 (rev d5)
00:1d.0 USB controller: Intel Corporation C610/X99 series chipset USB Enhanced Host Controller #1 (rev 05)
00:1f.0 ISA bridge: Intel Corporation C610/X99 series chipset LPC Controller (rev 05)
00:1f.3 SMBus: Intel Corporation C610/X99 series chipset SMBus Controller (rev 05)
00:1f.6 Signal processing controller: Intel Corporation C610/X99 series chipset Thermal Subsystem (rev 05)
01:00.0 Ethernet controller: Broadcom Limited NetXtreme II BCM57810 10 Gigabit Ethernet (rev 10)
01:00.1 Ethernet controller: Broadcom Limited NetXtreme II BCM57810 10 Gigabit Ethernet (rev 10)
06:00.0 Fabric controller: Intel Corporation Omni-Path HFI Silicon 100 Series [discrete] (rev 11)
10:00.0 RAID bus controller: LSI Logic / Symbios Logic MegaRAID SAS-3 3108 [Invader] (rev 02)
16:00.0 PCI bridge: Renesas Technology Corp. SH7758 PCIe Switch [PS]
17:00.0 PCI bridge: Renesas Technology Corp. SH7758 PCIe Switch [PS]
17:01.0 PCI bridge: Renesas Technology Corp. SH7758 PCIe Switch [PS]
18:00.0 PCI bridge: Renesas Technology Corp. SH7758 PCIe-PCI Bridge [PPB]
19:00.0 VGA compatible controller: Matrox Electronics Systems Ltd. G200eR2 (rev 01)
1a:00.0 Unassigned class [ff00]: Renesas Technology Corp. SH7758 PCIe End-Point [PBI]
1b:00.0 Ethernet controller: Broadcom Limited NetXtreme BCM5719 Gigabit Ethernet PCIe (rev 01)
1b:00.1 Ethernet controller: Broadcom Limited NetXtreme BCM5719 Gigabit Ethernet PCIe (rev 01)
1b:00.2 Ethernet controller: Broadcom Limited NetXtreme BCM5719 Gigabit Ethernet PCIe (rev 01)
1b:00.3 Ethernet controller: Broadcom Limited NetXtreme BCM5719 Gigabit Ethernet PCIe (rev 01)
7f:08.0 System peripheral: Intel Corporation Xeon E7 v4/Xeon E5 v4/Xeon E3 v4/Xeon D QPI Link 0 (rev 01)
7f:08.2 Performance counters: Intel Corporation Xeon E7 v4/Xeon E5 v4/Xeon E3 v4/Xeon D QPI Link 0 (rev 01)
7f:08.3 System peripheral: Intel Corporation Xeon E7 v4/Xeon E5 v4/Xeon E3 v4/Xeon D QPI Link 0 (rev 01)
7f:09.0 System peripheral: Intel Corporation Xeon E7 v4/Xeon E5 v4/Xeon E3 v4/Xeon D QPI Link 1 (rev 01)
7f:09.2 Performance counters: Intel Corporation Xeon E7 v4/Xeon E5 v4/Xeon E3 v4/Xeon D QPI Link 1 (rev 01)
7f:09.3 System peripheral: Intel Corporation Xeon E7 v4/Xeon E5 v4/Xeon E3 v4/Xeon D QPI Link 1 (rev 01)
7f:0b.0 System peripheral: Intel Corporation Xeon E7 v4/Xeon E5 v4/Xeon E3 v4/Xeon D R3 QPI Link 0/1 (rev 01)
7f:0b.1 Performance counters: Intel Corporation Xeon E7 v4/Xeon E5 v4/Xeon E3 v4/Xeon D R3 QPI Link 0/1 (rev 01)
7f:0b.2 Performance counters: Intel Corporation Xeon E7 v4/Xeon E5 v4/Xeon E3 v4/Xeon D R3 QPI Link 0/1 (rev 01)
7f:0b.3 System peripheral: Intel Corporation Xeon E7 v4/Xeon E5 v4/Xeon E3 v4/Xeon D R3 QPI Link Debug (rev 01)
7f:0c.0 System peripheral: Intel Corporation Xeon E7 v4/Xeon E5 v4/Xeon E3 v4/Xeon D Caching Agent (rev 01)
7f:0c.1 System peripheral: Intel Corporation Xeon E7 v4/Xeon E5 v4/Xeon E3 v4/Xeon D Caching Agent (rev 01)
7f:0c.2 System peripheral: Intel Corporation Xeon E7 v4/Xeon E5 v4/Xeon E3 v4/Xeon D Caching Agent (rev 01)
7f:0c.3 System peripheral: Intel Corporation Xeon E7 v4/Xeon E5 v4/Xeon E3 v4/Xeon D Caching Agent (rev 01)
7f:0c.4 System peripheral: Intel Corporation Xeon E7 v4/Xeon E5 v4/Xeon E3 v4/Xeon D Caching Agent (rev 01)
7f:0c.5 System peripheral: Intel Corporation Xeon E7 v4/Xeon E5 v4/Xeon E3 v4/Xeon D Caching Agent (rev 01)
7f:0c.6 System peripheral: Intel Corporation Xeon E7 v4/Xeon E5 v4/Xeon E3 v4/Xeon D Caching Agent (rev 01)
7f:0c.7 System peripheral: Intel Corporation Xeon E7 v4/Xeon E5 v4/Xeon E3 v4/Xeon D Caching Agent (rev 01)
7f:0d.0 System peripheral: Intel Corporation Xeon E7 v4/Xeon E5 v4/Xeon E3 v4/Xeon D Caching Agent (rev 01)
7f:0d.1 System peripheral: Intel Corporation Xeon E7 v4/Xeon E5 v4/Xeon E3 v4/Xeon D Caching Agent (rev 01)
7f:0d.2 System peripheral: Intel Corporation Xeon E7 v4/Xeon E5 v4/Xeon E3 v4/Xeon D Caching Agent (rev 01)
7f:0d.3 System peripheral: Intel Corporation Xeon E7 v4/Xeon E5 v4/Xeon E3 v4/Xeon D Caching Agent (rev 01)
7f:0d.4 System peripheral: Intel Corporation Xeon E7 v4/Xeon E5 v4/Xeon E3 v4/Xeon D Caching Agent (rev 01)
7f:0d.5 System peripheral: Intel Corporation Xeon E7 v4/Xeon E5 v4/Xeon E3 v4/Xeon D Caching Agent (rev 01)
7f:0f.0 System peripheral: Intel Corporation Xeon E7 v4/Xeon E5 v4/Xeon E3 v4/Xeon D Caching Agent (rev 01)
7f:0f.1 System peripheral: Intel Corporation Xeon E7 v4/Xeon E5 v4/Xeon E3 v4/Xeon D Caching Agent (rev 01)
7f:0f.2 System peripheral: Intel Corporation Xeon E7 v4/Xeon E5 v4/Xeon E3 v4/Xeon D Caching Agent (rev 01)
7f:0f.3 System peripheral: Intel Corporation Xeon E7 v4/Xeon E5 v4/Xeon E3 v4/Xeon D Caching Agent (rev 01)
7f:0f.4 System peripheral: Intel Corporation Xeon E7 v4/Xeon E5 v4/Xeon E3 v4/Xeon D Caching Agent (rev 01)
7f:0f.5 System peripheral: Intel Corporation Xeon E7 v4/Xeon E5 v4/Xeon E3 v4/Xeon D Caching Agent (rev 01)
7f:0f.6 System peripheral: Intel Corporation Xeon E7 v4/Xeon E5 v4/Xeon E3 v4/Xeon D Caching Agent (rev 01)
7f:10.0 System peripheral: Intel Corporation Xeon E7 v4/Xeon E5 v4/Xeon E3 v4/Xeon D R2PCIe Agent (rev 01)
7f:10.1 Performance counters: Intel Corporation Xeon E7 v4/Xeon E5 v4/Xeon E3 v4/Xeon D R2PCIe Agent (rev 01)
7f:10.5 System peripheral: Intel Corporation Xeon E7 v4/Xeon E5 v4/Xeon E3 v4/Xeon D Ubox (rev 01)
7f:10.6 Performance counters: Intel Corporation Xeon E7 v4/Xeon E5 v4/Xeon E3 v4/Xeon D Ubox (rev 01)
7f:10.7 System peripheral: Intel Corporation Xeon E7 v4/Xeon E5 v4/Xeon E3 v4/Xeon D Ubox (rev 01)
7f:12.0 System peripheral: Intel Corporation Xeon E7 v4/Xeon E5 v4/Xeon E3 v4/Xeon D Home Agent 0 (rev 01)
7f:12.1 Performance counters: Intel Corporation Xeon E7 v4/Xeon E5 v4/Xeon E3 v4/Xeon D Home Agent 0 (rev 01)
7f:12.2 System peripheral: Intel Corporation Xeon E7 v4/Xeon E5 v4/Xeon E3 v4/Xeon D Home Agent 0 Debug (rev 01)
7f:12.4 System peripheral: Intel Corporation Xeon E7 v4/Xeon E5 v4/Xeon E3 v4/Xeon D Home Agent 1 (rev 01)
7f:12.5 Performance counters: Intel Corporation Xeon E7 v4/Xeon E5 v4/Xeon E3 v4/Xeon D Home Agent 1 (rev 01)
7f:12.6 System peripheral: Intel Corporation Xeon E7 v4/Xeon E5 v4/Xeon E3 v4/Xeon D Home Agent 1 Debug (rev 01)
7f:13.0 System peripheral: Intel Corporation Xeon E7 v4/Xeon E5 v4/Xeon E3 v4/Xeon D Memory Controller 0 - Target Address/Thermal/RAS (rev 01)
7f:13.1 System peripheral: Intel Corporation Xeon E7 v4/Xeon E5 v4/Xeon E3 v4/Xeon D Memory Controller 0 - Target Address/Thermal/RAS (rev 01)
7f:13.2 System peripheral: Intel Corporation Xeon E7 v4/Xeon E5 v4/Xeon E3 v4/Xeon D Memory Controller 0 - Channel Target Address Decoder (rev 01)
7f:13.3 System peripheral: Intel Corporation Xeon E7 v4/Xeon E5 v4/Xeon E3 v4/Xeon D Memory Controller 0 - Channel Target Address Decoder (rev 01)
7f:13.6 System peripheral: Intel Corporation Xeon E7 v4/Xeon E5 v4/Xeon E3 v4/Xeon D DDRIO Channel 0/1 Broadcast (rev 01)
7f:13.7 System peripheral: Intel Corporation Xeon E7 v4/Xeon E5 v4/Xeon E3 v4/Xeon D DDRIO Global Broadcast (rev 01)
7f:14.0 System peripheral: Intel Corporation Xeon E7 v4/Xeon E5 v4/Xeon E3 v4/Xeon D Memory Controller 0 - Channel 0 Thermal Control (rev 01)
7f:14.1 System peripheral: Intel Corporation Xeon E7 v4/Xeon E5 v4/Xeon E3 v4/Xeon D Memory Controller 0 - Channel 1 Thermal Control (rev 01)
7f:14.2 System peripheral: Intel Corporation Xeon E7 v4/Xeon E5 v4/Xeon E3 v4/Xeon D Memory Controller 0 - Channel 0 Error (rev 01)
7f:14.3 System peripheral: Intel Corporation Xeon E7 v4/Xeon E5 v4/Xeon E3 v4/Xeon D Memory Controller 0 - Channel 1 Error (rev 01)
7f:14.4 System peripheral: Intel Corporation Xeon E7 v4/Xeon E5 v4/Xeon E3 v4/Xeon D DDRIO Channel 0/1 Interface (rev 01)
7f:14.5 System peripheral: Intel Corporation Xeon E7 v4/Xeon E5 v4/Xeon E3 v4/Xeon D DDRIO Channel 0/1 Interface (rev 01)
7f:14.6 System peripheral: Intel Corporation Xeon E7 v4/Xeon E5 v4/Xeon E3 v4/Xeon D DDRIO Channel 0/1 Interface (rev 01)
7f:14.7 System peripheral: Intel Corporation Xeon E7 v4/Xeon E5 v4/Xeon E3 v4/Xeon D DDRIO Channel 0/1 Interface (rev 01)
7f:16.0 System peripheral: Intel Corporation Xeon E7 v4/Xeon E5 v4/Xeon E3 v4/Xeon D Target Address/Thermal/RAS (rev 01)
7f:16.1 System peripheral: Intel Corporation Xeon E7 v4/Xeon E5 v4/Xeon E3 v4/Xeon D Target Address/Thermal/RAS (rev 01)
7f:16.2 System peripheral: Intel Corporation Xeon E7 v4/Xeon E5 v4/Xeon E3 v4/Xeon D Channel Target Address Decoder (rev 01)
7f:16.3 System peripheral: Intel Corporation Xeon E7 v4/Xeon E5 v4/Xeon E3 v4/Xeon D Channel Target Address Decoder (rev 01)
7f:16.6 System peripheral: Intel Corporation Xeon E7 v4/Xeon E5 v4/Xeon E3 v4/Xeon D DDRIO Channel 2/3 Broadcast (rev 01)
7f:16.7 System peripheral: Intel Corporation Xeon E7 v4/Xeon E5 v4/Xeon E3 v4/Xeon D DDRIO Global Broadcast (rev 01)
7f:17.0 System peripheral: Intel Corporation Xeon E7 v4/Xeon E5 v4/Xeon E3 v4/Xeon D Memory Controller 1 - Channel 0 Thermal Control (rev 01)
7f:17.1 System peripheral: Intel Corporation Xeon E7 v4/Xeon E5 v4/Xeon E3 v4/Xeon D Memory Controller 1 - Channel 1 Thermal Control (rev 01)
7f:17.2 System peripheral: Intel Corporation Xeon E7 v4/Xeon E5 v4/Xeon E3 v4/Xeon D Memory Controller 1 - Channel 0 Error (rev 01)
7f:17.3 System peripheral: Intel Corporation Xeon E7 v4/Xeon E5 v4/Xeon E3 v4/Xeon D Memory Controller 1 - Channel 1 Error (rev 01)
7f:17.4 System peripheral: Intel Corporation Xeon E7 v4/Xeon E5 v4/Xeon E3 v4/Xeon D DDRIO Channel 2/3 Interface (rev 01)
7f:17.5 System peripheral: Intel Corporation Xeon E7 v4/Xeon E5 v4/Xeon E3 v4/Xeon D DDRIO Channel 2/3 Interface (rev 01)
7f:17.6 System peripheral: Intel Corporation Xeon E7 v4/Xeon E5 v4/Xeon E3 v4/Xeon D DDRIO Channel 2/3 Interface (rev 01)
7f:17.7 System peripheral: Intel Corporation Xeon E7 v4/Xeon E5 v4/Xeon E3 v4/Xeon D DDRIO Channel 2/3 Interface (rev 01)
7f:1e.0 System peripheral: Intel Corporation Xeon E7 v4/Xeon E5 v4/Xeon E3 v4/Xeon D Power Control Unit (rev 01)
7f:1e.1 System peripheral: Intel Corporation Xeon E7 v4/Xeon E5 v4/Xeon E3 v4/Xeon D Power Control Unit (rev 01)
7f:1e.2 System peripheral: Intel Corporation Xeon E7 v4/Xeon E5 v4/Xeon E3 v4/Xeon D Power Control Unit (rev 01)
7f:1e.3 System peripheral: Intel Corporation Xeon E7 v4/Xeon E5 v4/Xeon E3 v4/Xeon D Power Control Unit (rev 01)
7f:1e.4 System peripheral: Intel Corporation Xeon E7 v4/Xeon E5 v4/Xeon E3 v4/Xeon D Power Control Unit (rev 01)
7f:1f.0 System peripheral: Intel Corporation Xeon E7 v4/Xeon E5 v4/Xeon E3 v4/Xeon D Power Control Unit (rev 01)
7f:1f.2 System peripheral: Intel Corporation Xeon E7 v4/Xeon E5 v4/Xeon E3 v4/Xeon D Power Control Unit (rev 01)
80:05.0 System peripheral: Intel Corporation Xeon E7 v4/Xeon E5 v4/Xeon E3 v4/Xeon D Map/VTd_Misc/System Management (rev 01)
80:05.1 System peripheral: Intel Corporation Xeon E7 v4/Xeon E5 v4/Xeon E3 v4/Xeon D IIO Hot Plug (rev 01)
80:05.2 System peripheral: Intel Corporation Xeon E7 v4/Xeon E5 v4/Xeon E3 v4/Xeon D IIO RAS/Control Status/Global Errors (rev 01)
80:05.4 PIC: Intel Corporation Xeon E7 v4/Xeon E5 v4/Xeon E3 v4/Xeon D I/O APIC (rev 01)
ff:08.0 System peripheral: Intel Corporation Xeon E7 v4/Xeon E5 v4/Xeon E3 v4/Xeon D QPI Link 0 (rev 01)
ff:08.2 Performance counters: Intel Corporation Xeon E7 v4/Xeon E5 v4/Xeon E3 v4/Xeon D QPI Link 0 (rev 01)
ff:08.3 System peripheral: Intel Corporation Xeon E7 v4/Xeon E5 v4/Xeon E3 v4/Xeon D QPI Link 0 (rev 01)
ff:09.0 System peripheral: Intel Corporation Xeon E7 v4/Xeon E5 v4/Xeon E3 v4/Xeon D QPI Link 1 (rev 01)
ff:09.2 Performance counters: Intel Corporation Xeon E7 v4/Xeon E5 v4/Xeon E3 v4/Xeon D QPI Link 1 (rev 01)
ff:09.3 System peripheral: Intel Corporation Xeon E7 v4/Xeon E5 v4/Xeon E3 v4/Xeon D QPI Link 1 (rev 01)
ff:0b.0 System peripheral: Intel Corporation Xeon E7 v4/Xeon E5 v4/Xeon E3 v4/Xeon D R3 QPI Link 0/1 (rev 01)
ff:0b.1 Performance counters: Intel Corporation Xeon E7 v4/Xeon E5 v4/Xeon E3 v4/Xeon D R3 QPI Link 0/1 (rev 01)
ff:0b.2 Performance counters: Intel Corporation Xeon E7 v4/Xeon E5 v4/Xeon E3 v4/Xeon D R3 QPI Link 0/1 (rev 01)
ff:0b.3 System peripheral: Intel Corporation Xeon E7 v4/Xeon E5 v4/Xeon E3 v4/Xeon D R3 QPI Link Debug (rev 01)
ff:0c.0 System peripheral: Intel Corporation Xeon E7 v4/Xeon E5 v4/Xeon E3 v4/Xeon D Caching Agent (rev 01)
ff:0c.1 System peripheral: Intel Corporation Xeon E7 v4/Xeon E5 v4/Xeon E3 v4/Xeon D Caching Agent (rev 01)
ff:0c.2 System peripheral: Intel Corporation Xeon E7 v4/Xeon E5 v4/Xeon E3 v4/Xeon D Caching Agent (rev 01)
ff:0c.3 System peripheral: Intel Corporation Xeon E7 v4/Xeon E5 v4/Xeon E3 v4/Xeon D Caching Agent (rev 01)
ff:0c.4 System peripheral: Intel Corporation Xeon E7 v4/Xeon E5 v4/Xeon E3 v4/Xeon D Caching Agent (rev 01)
ff:0c.5 System peripheral: Intel Corporation Xeon E7 v4/Xeon E5 v4/Xeon E3 v4/Xeon D Caching Agent (rev 01)
ff:0c.6 System peripheral: Intel Corporation Xeon E7 v4/Xeon E5 v4/Xeon E3 v4/Xeon D Caching Agent (rev 01)
ff:0c.7 System peripheral: Intel Corporation Xeon E7 v4/Xeon E5 v4/Xeon E3 v4/Xeon D Caching Agent (rev 01)
ff:0d.0 System peripheral: Intel Corporation Xeon E7 v4/Xeon E5 v4/Xeon E3 v4/Xeon D Caching Agent (rev 01)
ff:0d.1 System peripheral: Intel Corporation Xeon E7 v4/Xeon E5 v4/Xeon E3 v4/Xeon D Caching Agent (rev 01)
ff:0d.2 System peripheral: Intel Corporation Xeon E7 v4/Xeon E5 v4/Xeon E3 v4/Xeon D Caching Agent (rev 01)
ff:0d.3 System peripheral: Intel Corporation Xeon E7 v4/Xeon E5 v4/Xeon E3 v4/Xeon D Caching Agent (rev 01)
ff:0d.4 System peripheral: Intel Corporation Xeon E7 v4/Xeon E5 v4/Xeon E3 v4/Xeon D Caching Agent (rev 01)
ff:0d.5 System peripheral: Intel Corporation Xeon E7 v4/Xeon E5 v4/Xeon E3 v4/Xeon D Caching Agent (rev 01)
ff:0f.0 System peripheral: Intel Corporation Xeon E7 v4/Xeon E5 v4/Xeon E3 v4/Xeon D Caching Agent (rev 01)
ff:0f.1 System peripheral: Intel Corporation Xeon E7 v4/Xeon E5 v4/Xeon E3 v4/Xeon D Caching Agent (rev 01)
ff:0f.2 System peripheral: Intel Corporation Xeon E7 v4/Xeon E5 v4/Xeon E3 v4/Xeon D Caching Agent (rev 01)
ff:0f.3 System peripheral: Intel Corporation Xeon E7 v4/Xeon E5 v4/Xeon E3 v4/Xeon D Caching Agent (rev 01)
ff:0f.4 System peripheral: Intel Corporation Xeon E7 v4/Xeon E5 v4/Xeon E3 v4/Xeon D Caching Agent (rev 01)
ff:0f.5 System peripheral: Intel Corporation Xeon E7 v4/Xeon E5 v4/Xeon E3 v4/Xeon D Caching Agent (rev 01)
ff:0f.6 System peripheral: Intel Corporation Xeon E7 v4/Xeon E5 v4/Xeon E3 v4/Xeon D Caching Agent (rev 01)
ff:10.0 System peripheral: Intel Corporation Xeon E7 v4/Xeon E5 v4/Xeon E3 v4/Xeon D R2PCIe Agent (rev 01)
ff:10.1 Performance counters: Intel Corporation Xeon E7 v4/Xeon E5 v4/Xeon E3 v4/Xeon D R2PCIe Agent (rev 01)
ff:10.5 System peripheral: Intel Corporation Xeon E7 v4/Xeon E5 v4/Xeon E3 v4/Xeon D Ubox (rev 01)
ff:10.6 Performance counters: Intel Corporation Xeon E7 v4/Xeon E5 v4/Xeon E3 v4/Xeon D Ubox (rev 01)
ff:10.7 System peripheral: Intel Corporation Xeon E7 v4/Xeon E5 v4/Xeon E3 v4/Xeon D Ubox (rev 01)
ff:12.0 System peripheral: Intel Corporation Xeon E7 v4/Xeon E5 v4/Xeon E3 v4/Xeon D Home Agent 0 (rev 01)
ff:12.1 Performance counters: Intel Corporation Xeon E7 v4/Xeon E5 v4/Xeon E3 v4/Xeon D Home Agent 0 (rev 01)
ff:12.2 System peripheral: Intel Corporation Xeon E7 v4/Xeon E5 v4/Xeon E3 v4/Xeon D Home Agent 0 Debug (rev 01)
ff:12.4 System peripheral: Intel Corporation Xeon E7 v4/Xeon E5 v4/Xeon E3 v4/Xeon D Home Agent 1 (rev 01)
ff:12.5 Performance counters: Intel Corporation Xeon E7 v4/Xeon E5 v4/Xeon E3 v4/Xeon D Home Agent 1 (rev 01)
ff:12.6 System peripheral: Intel Corporation Xeon E7 v4/Xeon E5 v4/Xeon E3 v4/Xeon D Home Agent 1 Debug (rev 01)
ff:13.0 System peripheral: Intel Corporation Xeon E7 v4/Xeon E5 v4/Xeon E3 v4/Xeon D Memory Controller 0 - Target Address/Thermal/RAS (rev 01)
ff:13.1 System peripheral: Intel Corporation Xeon E7 v4/Xeon E5 v4/Xeon E3 v4/Xeon D Memory Controller 0 - Target Address/Thermal/RAS (rev 01)
ff:13.2 System peripheral: Intel Corporation Xeon E7 v4/Xeon E5 v4/Xeon E3 v4/Xeon D Memory Controller 0 - Channel Target Address Decoder (rev 01)
ff:13.3 System peripheral: Intel Corporation Xeon E7 v4/Xeon E5 v4/Xeon E3 v4/Xeon D Memory Controller 0 - Channel Target Address Decoder (rev 01)
ff:13.6 System peripheral: Intel Corporation Xeon E7 v4/Xeon E5 v4/Xeon E3 v4/Xeon D DDRIO Channel 0/1 Broadcast (rev 01)
ff:13.7 System peripheral: Intel Corporation Xeon E7 v4/Xeon E5 v4/Xeon E3 v4/Xeon D DDRIO Global Broadcast (rev 01)
ff:14.0 System peripheral: Intel Corporation Xeon E7 v4/Xeon E5 v4/Xeon E3 v4/Xeon D Memory Controller 0 - Channel 0 Thermal Control (rev 01)
ff:14.1 System peripheral: Intel Corporation Xeon E7 v4/Xeon E5 v4/Xeon E3 v4/Xeon D Memory Controller 0 - Channel 1 Thermal Control (rev 01)
ff:14.2 System peripheral: Intel Corporation Xeon E7 v4/Xeon E5 v4/Xeon E3 v4/Xeon D Memory Controller 0 - Channel 0 Error (rev 01)
ff:14.3 System peripheral: Intel Corporation Xeon E7 v4/Xeon E5 v4/Xeon E3 v4/Xeon D Memory Controller 0 - Channel 1 Error (rev 01)
ff:14.4 System peripheral: Intel Corporation Xeon E7 v4/Xeon E5 v4/Xeon E3 v4/Xeon D DDRIO Channel 0/1 Interface (rev 01)
ff:14.5 System peripheral: Intel Corporation Xeon E7 v4/Xeon E5 v4/Xeon E3 v4/Xeon D DDRIO Channel 0/1 Interface (rev 01)
ff:14.6 System peripheral: Intel Corporation Xeon E7 v4/Xeon E5 v4/Xeon E3 v4/Xeon D DDRIO Channel 0/1 Interface (rev 01)
ff:14.7 System peripheral: Intel Corporation Xeon E7 v4/Xeon E5 v4/Xeon E3 v4/Xeon D DDRIO Channel 0/1 Interface (rev 01)
ff:16.0 System peripheral: Intel Corporation Xeon E7 v4/Xeon E5 v4/Xeon E3 v4/Xeon D Target Address/Thermal/RAS (rev 01)
ff:16.1 System peripheral: Intel Corporation Xeon E7 v4/Xeon E5 v4/Xeon E3 v4/Xeon D Target Address/Thermal/RAS (rev 01)
ff:16.2 System peripheral: Intel Corporation Xeon E7 v4/Xeon E5 v4/Xeon E3 v4/Xeon D Channel Target Address Decoder (rev 01)
ff:16.3 System peripheral: Intel Corporation Xeon E7 v4/Xeon E5 v4/Xeon E3 v4/Xeon D Channel Target Address Decoder (rev 01)
ff:16.6 System peripheral: Intel Corporation Xeon E7 v4/Xeon E5 v4/Xeon E3 v4/Xeon D DDRIO Channel 2/3 Broadcast (rev 01)
ff:16.7 System peripheral: Intel Corporation Xeon E7 v4/Xeon E5 v4/Xeon E3 v4/Xeon D DDRIO Global Broadcast (rev 01)
ff:17.0 System peripheral: Intel Corporation Xeon E7 v4/Xeon E5 v4/Xeon E3 v4/Xeon D Memory Controller 1 - Channel 0 Thermal Control (rev 01)
ff:17.1 System peripheral: Intel Corporation Xeon E7 v4/Xeon E5 v4/Xeon E3 v4/Xeon D Memory Controller 1 - Channel 1 Thermal Control (rev 01)
ff:17.2 System peripheral: Intel Corporation Xeon E7 v4/Xeon E5 v4/Xeon E3 v4/Xeon D Memory Controller 1 - Channel 0 Error (rev 01)
ff:17.3 System peripheral: Intel Corporation Xeon E7 v4/Xeon E5 v4/Xeon E3 v4/Xeon D Memory Controller 1 - Channel 1 Error (rev 01)
ff:17.4 System peripheral: Intel Corporation Xeon E7 v4/Xeon E5 v4/Xeon E3 v4/Xeon D DDRIO Channel 2/3 Interface (rev 01)
ff:17.5 System peripheral: Intel Corporation Xeon E7 v4/Xeon E5 v4/Xeon E3 v4/Xeon D DDRIO Channel 2/3 Interface (rev 01)
ff:17.6 System peripheral: Intel Corporation Xeon E7 v4/Xeon E5 v4/Xeon E3 v4/Xeon D DDRIO Channel 2/3 Interface (rev 01)
ff:17.7 System peripheral: Intel Corporation Xeon E7 v4/Xeon E5 v4/Xeon E3 v4/Xeon D DDRIO Channel 2/3 Interface (rev 01)
ff:1e.0 System peripheral: Intel Corporation Xeon E7 v4/Xeon E5 v4/Xeon E3 v4/Xeon D Power Control Unit (rev 01)
ff:1e.1 System peripheral: Intel Corporation Xeon E7 v4/Xeon E5 v4/Xeon E3 v4/Xeon D Power Control Unit (rev 01)
ff:1e.2 System peripheral: Intel Corporation Xeon E7 v4/Xeon E5 v4/Xeon E3 v4/Xeon D Power Control Unit (rev 01)
ff:1e.3 System peripheral: Intel Corporation Xeon E7 v4/Xeon E5 v4/Xeon E3 v4/Xeon D Power Control Unit (rev 01)
ff:1e.4 System peripheral: Intel Corporation Xeon E7 v4/Xeon E5 v4/Xeon E3 v4/Xeon D Power Control Unit (rev 01)
ff:1f.0 System peripheral: Intel Corporation Xeon E7 v4/Xeon E5 v4/Xeon E3 v4/Xeon D Power Control Unit (rev 01)
ff:1f.2 System peripheral: Intel Corporation Xeon E7 v4/Xeon E5 v4/Xeon E3 v4/Xeon D Power Control Unit (rev 01)
